<?xml version="1.0" encoding="UTF-8"?>
<!-- Generated by org.testng.reporters.JUnitReportReporter -->
<testsuite skipped="0" hostname="DESKTOP-L1EA06Q" name="com.qa.test.ContactsPageTest" tests="3" failures="0" timestamp="2020-08-06T22:43:56 IST" time="128.099" errors="0">
  <testcase name="createNewContactTest" time="40.696" classname="com.qa.test.ContactsPageTest"/>
  <system-out/>
  <testcase name="createNewContactTest" time="40.320" classname="com.qa.test.ContactsPageTest"/>
  <system-out/>
  <testcase name="createNewContactTest" time="47.083" classname="com.qa.test.ContactsPageTest"/>
  <system-out/>
</testsuite> <!-- com.qa.test.ContactsPageTest -->
