<?xml version="1.0" encoding="UTF-8"?>
<!-- Generated by org.testng.reporters.JUnitReportReporter -->
<testsuite skipped="0" hostname="DESKTOP-L1EA06Q" name="com.qa.test.HomePageTest" tests="3" failures="0" timestamp="2020-07-21T11:46:54 IST" time="117.582" errors="0">
  <testcase name="verifyContactBtnTest" time="39.377" classname="com.qa.test.HomePageTest"/>
  <system-out/>
  <testcase name="verifyHomePageTitleTest" time="37.889" classname="com.qa.test.HomePageTest"/>
  <system-out/>
  <testcase name="verifyUserTest" time="40.316" classname="com.qa.test.HomePageTest"/>
  <system-out/>
</testsuite> <!-- com.qa.test.HomePageTest -->
