<?xml version="1.0" encoding="UTF-8"?>
<!-- Generated by org.testng.reporters.JUnitReportReporter -->
<testsuite skipped="0" hostname="DESKTOP-L1EA06Q" name="com.qa.test.LoginPageTest" tests="3" failures="0" timestamp="2020-07-20T20:56:48 IST" time="81.224" errors="0">
  <testcase name="verifySignUpBtnTest" time="29.703" classname="com.qa.test.LoginPageTest"/>
  <system-out/>
  <testcase name="loginPageTitleTest" time="19.289" classname="com.qa.test.LoginPageTest"/>
  <system-out/>
  <testcase name="verifyLoginBtnTest" time="32.232" classname="com.qa.test.LoginPageTest"/>
  <system-out/>
</testsuite> <!-- com.qa.test.LoginPageTest -->
