<?xml version="1.0" encoding="UTF-8"?>
<!-- Generated by org.testng.reporters.JUnitReportReporter -->
<testsuite skipped="0" hostname="DESKTOP-L1EA06Q" name="com.qa.test.LoginPageTest" tests="3" failures="0" timestamp="2020-09-06T20:32:52 IST" time="47.748" errors="0">
  <testcase name="verifyLoginBtnTest" time="18.239" classname="com.qa.test.LoginPageTest"/>
  <system-out/>
  <testcase name="loginPageTitleTest" time="11.791" classname="com.qa.test.LoginPageTest"/>
  <system-out/>
  <testcase name="verifySignUpBtnTest" time="17.718" classname="com.qa.test.LoginPageTest"/>
  <system-out/>
</testsuite> <!-- com.qa.test.LoginPageTest -->
