<?xml version="1.0" encoding="UTF-8"?>
<!-- Generated by org.testng.reporters.JUnitReportReporter -->
<testsuite skipped="0" hostname="DESKTOP-L1EA06Q" name="com.qa.test.LoginPageTest" tests="1" failures="0" timestamp="2020-09-20T01:34:16 IST" time="17.060" errors="0">
  <testcase name="loginPageTitleTest" time="17.060" classname="com.qa.test.LoginPageTest"/>
  <system-out/>
</testsuite> <!-- com.qa.test.LoginPageTest -->
