<?xml version="1.0" encoding="UTF-8"?>
<!-- Generated by org.testng.reporters.JUnitReportReporter -->
<testsuite skipped="0" hostname="DESKTOP-L1EA06Q" name="com.qa.test.ContactsPageTest" tests="4" failures="0" timestamp="2020-09-06T20:32:52 IST" time="80.865" errors="0">
  <testcase name="createNewContactTest" time="21.660" classname="com.qa.test.ContactsPageTest"/>
  <system-out/>
  <testcase name="verifyContactsLabelTest" time="18.336" classname="com.qa.test.ContactsPageTest"/>
  <system-out/>
  <testcase name="createNewContactTest" time="20.804" classname="com.qa.test.ContactsPageTest"/>
  <system-out/>
  <testcase name="createNewContactTest" time="20.065" classname="com.qa.test.ContactsPageTest"/>
  <system-out/>
</testsuite> <!-- com.qa.test.ContactsPageTest -->
