<?xml version="1.0" encoding="UTF-8"?>
<!-- Generated by org.testng.reporters.JUnitReportReporter -->
<testsuite skipped="0" hostname="DESKTOP-L1EA06Q" name="com.qa.test.ContactsPage" tests="1" failures="0" timestamp="2020-08-06T20:25:48 IST" time="34.209" errors="0">
  <testcase name="createNewContactTest" time="34.209" classname="com.qa.test.ContactsPage"/>
  <system-out/>
</testsuite> <!-- com.qa.test.ContactsPage -->
