<?xml version="1.0" encoding="UTF-8"?>
<!-- Generated by org.testng.reporters.JUnitReportReporter -->
<testsuite skipped="0" hostname="DESKTOP-L1EA06Q" name="com.qa.test.HomePageTest" tests="3" failures="0" timestamp="2020-09-06T20:32:52 IST" time="41.198" errors="0">
  <testcase name="verifyHomePageTitleTest" time="14.257" classname="com.qa.test.HomePageTest"/>
  <system-out/>
  <testcase name="verifyContactBtnTest" time="15.548" classname="com.qa.test.HomePageTest"/>
  <system-out/>
  <testcase name="verifyUserTest" time="11.393" classname="com.qa.test.HomePageTest"/>
  <system-out/>
</testsuite> <!-- com.qa.test.HomePageTest -->
